<?xml version="1.0" encoding="UTF-8"?>
<!-- Generated by org.testng.reporters.JUnitReportReporter -->
<testsuite hostname="DESKTOP-BCN4IQB" failures="0" tests="3" name="tests.GitHubDeleteTest" time="3.110" errors="0" timestamp="23 Jul 2023 12:31:34 GMT" skipped="0">
  <testcase classname="tests.GitHubDeleteTest" name="DeleteInValidOwnerValidRepoToken" time="2.135"/>
  <testcase classname="tests.GitHubDeleteTest" name="DeleteValidOwnerInValidRepoNoToken" time="0.472"/>
  <testcase classname="tests.GitHubDeleteTest" name="DeleteValidOwnerInValidRepoNoScopeToken" time="0.503"/>
</testsuite> <!-- tests.GitHubDeleteTest -->
