<?xml version="1.0" encoding="UTF-8"?>
<!-- Generated by org.testng.reporters.JUnitReportReporter -->
<testsuite hostname="DESKTOP-BCN4IQB" failures="0" tests="3" name="tests.GitHubListOrgReposTest" time="2.869" errors="0" timestamp="23 Jul 2023 12:31:34 GMT" skipped="0">
  <testcase classname="tests.GitHubListOrgReposTest" name="listOrgInvalidOrgName" time="1.574"/>
  <testcase classname="tests.GitHubListOrgReposTest" name="listOrgPrivateRepoNoToken" time="0.662"/>
  <testcase classname="tests.GitHubListOrgReposTest" name="listOrgPerPageReposValid" time="0.633"/>
</testsuite> <!-- tests.GitHubListOrgReposTest -->
