<?xml version="1.0" encoding="UTF-8"?>
<!-- Generated by org.testng.reporters.JUnitReportReporter -->
<testsuite hostname="DESKTOP-BCN4IQB" failures="0" tests="3" name="tests.GitHubUpdateTest" time="1.412" errors="0" timestamp="23 Jul 2023 12:31:34 GMT" skipped="0">
  <testcase classname="tests.GitHubUpdateTest" name="PatchInValidOwnerValidRepoToken" time="0.499"/>
  <testcase classname="tests.GitHubUpdateTest" name="PatchValidOwnerInValidRepoNoScopeToken" time="0.458"/>
  <testcase classname="tests.GitHubUpdateTest" name="PatchValidOwnerInValidRepoNoToken" time="0.455"/>
</testsuite> <!-- tests.GitHubUpdateTest -->
