<?xml version="1.0" encoding="UTF-8"?>
<!-- Generated by org.testng.reporters.JUnitReportReporter -->
<testsuite hostname="DESKTOP-BCN4IQB" failures="0" tests="5" name="tests.GitHubPostTest" time="2.325" errors="0" timestamp="23 Jul 2023 12:31:34 GMT" skipped="0">
  <testcase classname="tests.GitHubPostTest" name="PostInValidOrgNameValidTokenBody" time="0.476"/>
  <testcase classname="tests.GitHubPostTest" name="PostValidOrgNameTokenInvalidBody" time="0.490"/>
  <testcase classname="tests.GitHubPostTest" name="PostValidOrgNameNoTokenInvalidBody" time="0.456"/>
  <testcase classname="tests.GitHubPostTest" name="PostValidOrgNameNoTokenBodyPrivate" time="0.445"/>
  <testcase classname="tests.GitHubPostTest" name="PostInValidOrgNameNoScopeTokenValidBodyPrivate" time="0.458"/>
</testsuite> <!-- tests.GitHubPostTest -->
